<?xml version="1.0" encoding="UTF-8"?>
<!-- Generated by org.testng.reporters.JUnitReportReporter -->
<testsuite hostname="ZHUYIWEI-PC" name="com.dx.op.test.service.CalcTests" tests="1" failures="0" timestamp="25 Nov 2016 05:49:56 GMT" time="59.510" errors="0">
  <testcase name="creditMonthCalc" time="59.510" classname="com.dx.op.test.service.CalcTests"/>
</testsuite> <!-- com.dx.op.test.service.CalcTests -->
