<?xml version="1.0" encoding="UTF-8"?>
<!-- Generated by org.testng.reporters.JUnitReportReporter -->
<testsuite hostname="ZHUYIWEI-PC" name="com.dx.op.test.service.TaskTests" tests="1" failures="0" timestamp="20 Dec 2016 03:26:26 GMT" time="471.484" errors="0">
  <testcase name="accountFundTask" time="471.484" classname="com.dx.op.test.service.TaskTests"/>
</testsuite> <!-- com.dx.op.test.service.TaskTests -->
