<?xml version="1.0" encoding="UTF-8"?>
<!-- Generated by org.testng.reporters.JUnitReportReporter -->
<testsuite hostname="ZHUYIWEI-PC" name="com.dx.op.test.service.SyncTests" tests="1" failures="0" timestamp="20 Dec 2016 02:26:46 GMT" time="96.845" errors="0">
  <testcase name="syncTransData" time="96.845" classname="com.dx.op.test.service.SyncTests"/>
</testsuite> <!-- com.dx.op.test.service.SyncTests -->
