<?xml version="1.0" encoding="UTF-8"?>
<!-- Generated by org.testng.reporters.JUnitReportReporter -->
<testsuite hostname="ZHUYIWEI-PC" name="com.dx.op.test.service.CacheTests" tests="1" failures="0" timestamp="26 Dec 2016 07:17:56 GMT" time="12.249" errors="0">
  <testcase name="query" time="12.249" classname="com.dx.op.test.service.CacheTests"/>
</testsuite> <!-- com.dx.op.test.service.CacheTests -->
